<?xml version="1.0" encoding="UTF-8"?>
<Site BuildName="(empty)"
	BuildStamp="20241009-1328-Experimental"
	Name="lrs"
	Generator="ctest-3.16.3"
	CompilerName="/usr/lib/ccache/g++"
	CompilerVersion="9.4.0"
	OSName="Linux"
	Hostname="lrs"
	OSRelease="5.15.0-84-generic"
	OSVersion="#93~20.04.1-Ubuntu SMP Wed Sep 6 16:15:40 UTC 2023"
	OSPlatform="x86_64"
	Is64Bits="1"
	VendorString="AuthenticAMD"
	VendorID="Advanced Micro Devices"
	FamilyID="23"
	ModelID="24"
	ProcessorCacheSize="512"
	NumberOfLogicalCPU="8"
	NumberOfPhysicalCPU="4"
	TotalVirtualMemory="1327"
	TotalPhysicalMemory="13844"
	LogicalProcessorsPerPhysical="2"
	ProcessorClockFrequency="3677.57"
	>
	<Testing>
		<StartDateTime>Oct 09 15:57 CEST</StartDateTime>
		<StartTestTime>1728482227</StartTestTime>
		<TestList/>
		<EndDateTime>Oct 09 15:57 CEST</EndDateTime>
		<EndTestTime>1728482227</EndTestTime>
		<ElapsedMinutes>0</ElapsedMinutes>
	</Testing>
</Site>
